{"D:\\GitHub\\goit-nodejs-homework\\homework-05\\controllers\\auth\\login.js": {"path":"D:\\GitHub\\goit-nodejs-homework\\homework-05\\controllers\\auth\\login.js","statementMap":{"0":{"start":{"line":3,"column":13},"end":{"line":3,"column":47}},"1":{"start":{"line":4,"column":12},"end":{"line":4,"column":35}},"2":{"start":{"line":5,"column":24},"end":{"line":5,"column":60}},"3":{"start":{"line":6,"column":17},"end":{"line":6,"column":36}},"4":{"start":{"line":8,"column":14},"end":{"line":54,"column":1}},"5":{"start":{"line":9,"column":30},"end":{"line":9,"column":38}},"6":{"start":{"line":11,"column":20},"end":{"line":11,"column":61}},"7":{"start":{"line":12,"column":2},"end":{"line":20,"column":3}},"8":{"start":{"line":13,"column":4},"end":{"line":19,"column":7}},"9":{"start":{"line":22,"column":15},"end":{"line":22,"column":44}},"10":{"start":{"line":24,"column":2},"end":{"line":31,"column":3}},"11":{"start":{"line":25,"column":4},"end":{"line":30,"column":7}},"12":{"start":{"line":33,"column":2},"end":{"line":35,"column":3}},"13":{"start":{"line":34,"column":4},"end":{"line":34,"column":73}},"14":{"start":{"line":37,"column":18},"end":{"line":40,"column":3}},"15":{"start":{"line":42,"column":17},"end":{"line":42,"column":35}},"16":{"start":{"line":43,"column":16},"end":{"line":43,"column":62}},"17":{"start":{"line":44,"column":2},"end":{"line":44,"column":21}},"18":{"start":{"line":45,"column":2},"end":{"line":45,"column":20}},"19":{"start":{"line":47,"column":2},"end":{"line":53,"column":5}},"20":{"start":{"line":56,"column":0},"end":{"line":56,"column":23}}},"fnMap":{"0":{"name":"(anonymous_0)","decl":{"start":{"line":8,"column":14},"end":{"line":8,"column":15}},"loc":{"start":{"line":8,"column":34},"end":{"line":54,"column":1}},"line":8}},"branchMap":{"0":{"loc":{"start":{"line":12,"column":2},"end":{"line":20,"column":3}},"type":"if","locations":[{"start":{"line":12,"column":2},"end":{"line":20,"column":3}},{"start":{},"end":{}}],"line":12},"1":{"loc":{"start":{"line":24,"column":2},"end":{"line":31,"column":3}},"type":"if","locations":[{"start":{"line":24,"column":2},"end":{"line":31,"column":3}},{"start":{},"end":{}}],"line":24},"2":{"loc":{"start":{"line":24,"column":6},"end":{"line":24,"column":44}},"type":"binary-expr","locations":[{"start":{"line":24,"column":6},"end":{"line":24,"column":11}},{"start":{"line":24,"column":15},"end":{"line":24,"column":44}}],"line":24},"3":{"loc":{"start":{"line":33,"column":2},"end":{"line":35,"column":3}},"type":"if","locations":[{"start":{"line":33,"column":2},"end":{"line":35,"column":3}},{"start":{},"end":{}}],"line":33}},"s":{"0":1,"1":1,"2":1,"3":1,"4":1,"5":2,"6":2,"7":2,"8":1,"9":1,"10":1,"11":0,"12":1,"13":1,"14":1,"15":1,"16":1,"17":1,"18":1,"19":0,"20":1},"f":{"0":2},"b":{"0":[1,1],"1":[0,1],"2":[1,1],"3":[1,0]},"_coverageSchema":"1a1c01bbd47fc00a2c39e90264f33305004495a9","hash":"5f6d0fe1cc210c62c966f02343beaf358d9da72c"}
,"D:\\GitHub\\goit-nodejs-homework\\homework-05\\models\\user.model.js": {"path":"D:\\GitHub\\goit-nodejs-homework\\homework-05\\models\\user.model.js","statementMap":{"0":{"start":{"line":3,"column":17},"end":{"line":3,"column":36}},"1":{"start":{"line":4,"column":19},"end":{"line":4,"column":27}},"2":{"start":{"line":5,"column":15},"end":{"line":5,"column":34}},"3":{"start":{"line":6,"column":17},"end":{"line":6,"column":36}},"4":{"start":{"line":8,"column":13},"end":{"line":34,"column":2}},"5":{"start":{"line":31,"column":6},"end":{"line":31,"column":70}},"6":{"start":{"line":36,"column":0},"end":{"line":38,"column":2}},"7":{"start":{"line":37,"column":2},"end":{"line":37,"column":67}},"8":{"start":{"line":40,"column":0},"end":{"line":42,"column":2}},"9":{"start":{"line":41,"column":2},"end":{"line":41,"column":53}},"10":{"start":{"line":44,"column":13},"end":{"line":44,"column":50}},"11":{"start":{"line":46,"column":0},"end":{"line":46,"column":22}}},"fnMap":{"0":{"name":"(anonymous_0)","decl":{"start":{"line":30,"column":13},"end":{"line":30,"column":14}},"loc":{"start":{"line":30,"column":25},"end":{"line":32,"column":5}},"line":30},"1":{"name":"(anonymous_1)","decl":{"start":{"line":36,"column":27},"end":{"line":36,"column":28}},"loc":{"start":{"line":36,"column":47},"end":{"line":38,"column":1}},"line":36},"2":{"name":"(anonymous_2)","decl":{"start":{"line":40,"column":29},"end":{"line":40,"column":30}},"loc":{"start":{"line":40,"column":49},"end":{"line":42,"column":1}},"line":40}},"branchMap":{},"s":{"0":1,"1":1,"2":1,"3":1,"4":1,"5":0,"6":1,"7":0,"8":1,"9":0,"10":1,"11":1},"f":{"0":0,"1":0,"2":0},"b":{},"_coverageSchema":"1a1c01bbd47fc00a2c39e90264f33305004495a9","hash":"fc3eb3b5dddf472969374608202a07a71b9e07ed"}
,"D:\\GitHub\\goit-nodejs-homework\\homework-05\\services\\validation.js": {"path":"D:\\GitHub\\goit-nodejs-homework\\homework-05\\services\\validation.js","statementMap":{"0":{"start":{"line":3,"column":12},"end":{"line":3,"column":26}},"1":{"start":{"line":5,"column":24},"end":{"line":5,"column":70}},"2":{"start":{"line":6,"column":27},"end":{"line":10,"column":13}},"3":{"start":{"line":12,"column":22},"end":{"line":17,"column":23}},"4":{"start":{"line":19,"column":28},"end":{"line":24,"column":43}},"5":{"start":{"line":26,"column":23},"end":{"line":28,"column":2}},"6":{"start":{"line":30,"column":21},"end":{"line":33,"column":2}},"7":{"start":{"line":35,"column":20},"end":{"line":38,"column":2}},"8":{"start":{"line":40,"column":27},"end":{"line":42,"column":2}},"9":{"start":{"line":44,"column":0},"end":{"line":51,"column":2}}},"fnMap":{},"branchMap":{},"s":{"0":1,"1":1,"2":1,"3":1,"4":1,"5":1,"6":1,"7":1,"8":1,"9":1},"f":{},"b":{},"_coverageSchema":"1a1c01bbd47fc00a2c39e90264f33305004495a9","hash":"fa1f28fc134deaefb105864f0321925e57dfab89"}
}
