TN:
SF:controllers\auth\login.js
FN:8,(anonymous_0)
FNF:1
FNH:1
FNDA:2,(anonymous_0)
DA:3,1
DA:4,1
DA:5,1
DA:6,1
DA:8,1
DA:9,2
DA:11,2
DA:12,2
DA:13,1
DA:22,1
DA:24,1
DA:25,0
DA:33,1
DA:34,1
DA:37,1
DA:42,1
DA:43,1
DA:44,1
DA:45,1
DA:47,0
DA:56,1
LF:21
LH:19
BRDA:12,0,0,1
BRDA:12,0,1,1
BRDA:24,1,0,0
BRDA:24,1,1,1
BRDA:24,2,0,1
BRDA:24,2,1,1
BRDA:33,3,0,1
BRDA:33,3,1,0
BRF:8
BRH:6
end_of_record
TN:
SF:models\user.model.js
FN:30,(anonymous_0)
FN:36,(anonymous_1)
FN:40,(anonymous_2)
FNF:3
FNH:0
FNDA:0,(anonymous_0)
FNDA:0,(anonymous_1)
FNDA:0,(anonymous_2)
DA:3,1
DA:4,1
DA:5,1
DA:6,1
DA:8,1
DA:31,0
DA:36,1
DA:37,0
DA:40,1
DA:41,0
DA:44,1
DA:46,1
LF:12
LH:9
BRF:0
BRH:0
end_of_record
TN:
SF:services\validation.js
FNF:0
FNH:0
DA:3,1
DA:5,1
DA:6,1
DA:12,1
DA:19,1
DA:26,1
DA:30,1
DA:35,1
DA:40,1
DA:44,1
LF:10
LH:10
BRF:0
BRH:0
end_of_record
